{"name": "test_product_view_sku", "status": "broken", "statusDetails": {"message": "selenium.common.exceptions.NoSuchElementException: Message: no such element: Unable to locate element: {\"method\":\"css selector\",\"selector\":\"[class*=\"post-11088\"]\"}\n  (Session info: chrome=121.0.6167.161); For documentation on this error, please visit: https://www.selenium.dev/documentation/webdriver/troubleshooting/errors#no-such-element-exception\nStacktrace:\n\tGetHandleVerifier [0x00007FF69C815E42+3538674]\n\t(No symbol) [0x00007FF69C434C02]\n\t(No symbol) [0x00007FF69C2E5AEB]\n\t(No symbol) [0x00007FF69C32BF4E]\n\t(No symbol) [0x00007FF69C32C0CC]\n\t(No symbol) [0x00007FF69C36E477]\n\t(No symbol) [0x00007FF69C34F0EF]\n\t(No symbol) [0x00007FF69C36BDE3]\n\t(No symbol) [0x00007FF69C34EE53]\n\t(No symbol) [0x00007FF69C31F514]\n\t(No symbol) [0x00007FF69C320631]\n\tGetHandleVerifier [0x00007FF69C846CAD+3738973]\n\tGetHandleVerifier [0x00007FF69C89C506+4089270]\n\tGetHandleVerifier [0x00007FF69C894823+4057299]\n\tGetHandleVerifier [0x00007FF69C565C49+720121]\n\t(No symbol) [0x00007FF69C44126F]\n\t(No symbol) [0x00007FF69C43C304]\n\t(No symbol) [0x00007FF69C43C432]\n\t(No symbol) [0x00007FF69C42BD04]\n\tBaseThreadInitThunk [0x00007FFD04687344+20]\n\tRtlUserThreadStart [0x00007FFD049426B1+33]", "trace": "def test_product_view_sku():\n        \"\"\"\n        Test case WERT-1\n        \"\"\"\n    \t\t# Описываем опции запуска браузера\n        chrome_options = Options()\n        chrome_options.add_argument(\"start-maximized\") # открываем на полный экран\n        chrome_options.add_argument(\"--disable-infobars\") # отключаем инфо сообщения\n        chrome_options.add_argument(\"--disable-extensions\") # отключаем расширения\n        # chrome_options.add_argument(\"--headless\") # спец. режим \"без браузера\"\n    \n    \t\t# устанавливаем webdriver в соответствии с версией используемого браузера\n        service = Service()\n        # запускаем браузер с указанными выше настройками\n        driver = webdriver.Chrome(service=service, options=chrome_options)\n    \t\t# определяем адрес страницы для теста и переходим на неё\n        url = \"https://testqastudio.me/\"\n        driver.get(url=url)\n    \t\t# ищем по селектору элемент меню \"Бестселлеры\" и кликаем по нему\n        element = driver.find_element(by=By.CSS_SELECTOR, value=\"[class*='tab-best_sellers']\")\n        element.click()\n    \t\t# ищем по селектору карточку \"ДИВВИНА Журнальный столик\" и кликаем по нему,\n        # чтобы просмотреть детали\n>       element = driver.find_element(by=By.CSS_SELECTOR, value='[class*=\"post-11088\"]')\n\ntests\\Frontend_tests\\test_smoke.py:33: \n_ _ _ _ _ _ _ _ _ _ _ _ _ _ _ _ _ _ _ _ _ _ _ _ _ _ _ _ _ _ _ _ _ _ _ _ _ _ _ _\nenv\\Lib\\site-packages\\selenium\\webdriver\\remote\\webdriver.py:741: in find_element\n    return self.execute(Command.FIND_ELEMENT, {\"using\": by, \"value\": value})[\"value\"]\nenv\\Lib\\site-packages\\selenium\\webdriver\\remote\\webdriver.py:347: in execute\n    self.error_handler.check_response(response)\n_ _ _ _ _ _ _ _ _ _ _ _ _ _ _ _ _ _ _ _ _ _ _ _ _ _ _ _ _ _ _ _ _ _ _ _ _ _ _ _\n\nself = <selenium.webdriver.remote.errorhandler.ErrorHandler object at 0x000001B776729460>\nresponse = {'status': 404, 'value': '{\"value\":{\"error\":\"no such element\",\"message\":\"no such element: Unable to locate element: {\\...07FF69C42BD04]\\\\n\\\\tBaseThreadInitThunk [0x00007FFD04687344+20]\\\\n\\\\tRtlUserThreadStart [0x00007FFD049426B1+33]\\\\n\"}}'}\n\n    def check_response(self, response: Dict[str, Any]) -> None:\n        \"\"\"Checks that a JSON response from the WebDriver does not have an\n        error.\n    \n        :Args:\n         - response - The JSON response from the WebDriver server as a dictionary\n           object.\n    \n        :Raises: If the response contains an error message.\n        \"\"\"\n        status = response.get(\"status\", None)\n        if not status or status == ErrorCode.SUCCESS:\n            return\n        value = None\n        message = response.get(\"message\", \"\")\n        screen: str = response.get(\"screen\", \"\")\n        stacktrace = None\n        if isinstance(status, int):\n            value_json = response.get(\"value\", None)\n            if value_json and isinstance(value_json, str):\n                import json\n    \n                try:\n                    value = json.loads(value_json)\n                    if len(value) == 1:\n                        value = value[\"value\"]\n                    status = value.get(\"error\", None)\n                    if not status:\n                        status = value.get(\"status\", ErrorCode.UNKNOWN_ERROR)\n                        message = value.get(\"value\") or value.get(\"message\")\n                        if not isinstance(message, str):\n                            value = message\n                            message = message.get(\"message\")\n                    else:\n                        message = value.get(\"message\", None)\n                except ValueError:\n                    pass\n    \n        exception_class: Type[WebDriverException]\n        e = ErrorCode()\n        error_codes = [item for item in dir(e) if not item.startswith(\"__\")]\n        for error_code in error_codes:\n            error_info = getattr(ErrorCode, error_code)\n            if isinstance(error_info, list) and status in error_info:\n                exception_class = getattr(ExceptionMapping, error_code, WebDriverException)\n                break\n        else:\n            exception_class = WebDriverException\n    \n        if not value:\n            value = response[\"value\"]\n        if isinstance(value, str):\n            raise exception_class(value)\n        if message == \"\" and \"message\" in value:\n            message = value[\"message\"]\n    \n        screen = None  # type: ignore[assignment]\n        if \"screen\" in value:\n            screen = value[\"screen\"]\n    \n        stacktrace = None\n        st_value = value.get(\"stackTrace\") or value.get(\"stacktrace\")\n        if st_value:\n            if isinstance(st_value, str):\n                stacktrace = st_value.split(\"\\n\")\n            else:\n                stacktrace = []\n                try:\n                    for frame in st_value:\n                        line = frame.get(\"lineNumber\", \"\")\n                        file = frame.get(\"fileName\", \"<anonymous>\")\n                        if line:\n                            file = f\"{file}:{line}\"\n                        meth = frame.get(\"methodName\", \"<anonymous>\")\n                        if \"className\" in frame:\n                            meth = f\"{frame['className']}.{meth}\"\n                        msg = \"    at %s (%s)\"\n                        msg = msg % (meth, file)\n                        stacktrace.append(msg)\n                except TypeError:\n                    pass\n        if exception_class == UnexpectedAlertPresentException:\n            alert_text = None\n            if \"data\" in value:\n                alert_text = value[\"data\"].get(\"text\")\n            elif \"alert\" in value:\n                alert_text = value[\"alert\"].get(\"text\")\n            raise exception_class(message, screen, stacktrace, alert_text)  # type: ignore[call-arg]  # mypy is not smart enough here\n>       raise exception_class(message, screen, stacktrace)\nE       selenium.common.exceptions.NoSuchElementException: Message: no such element: Unable to locate element: {\"method\":\"css selector\",\"selector\":\"[class*=\"post-11088\"]\"}\nE         (Session info: chrome=121.0.6167.161); For documentation on this error, please visit: https://www.selenium.dev/documentation/webdriver/troubleshooting/errors#no-such-element-exception\nE       Stacktrace:\nE       \tGetHandleVerifier [0x00007FF69C815E42+3538674]\nE       \t(No symbol) [0x00007FF69C434C02]\nE       \t(No symbol) [0x00007FF69C2E5AEB]\nE       \t(No symbol) [0x00007FF69C32BF4E]\nE       \t(No symbol) [0x00007FF69C32C0CC]\nE       \t(No symbol) [0x00007FF69C36E477]\nE       \t(No symbol) [0x00007FF69C34F0EF]\nE       \t(No symbol) [0x00007FF69C36BDE3]\nE       \t(No symbol) [0x00007FF69C34EE53]\nE       \t(No symbol) [0x00007FF69C31F514]\nE       \t(No symbol) [0x00007FF69C320631]\nE       \tGetHandleVerifier [0x00007FF69C846CAD+3738973]\nE       \tGetHandleVerifier [0x00007FF69C89C506+4089270]\nE       \tGetHandleVerifier [0x00007FF69C894823+4057299]\nE       \tGetHandleVerifier [0x00007FF69C565C49+720121]\nE       \t(No symbol) [0x00007FF69C44126F]\nE       \t(No symbol) [0x00007FF69C43C304]\nE       \t(No symbol) [0x00007FF69C43C432]\nE       \t(No symbol) [0x00007FF69C42BD04]\nE       \tBaseThreadInitThunk [0x00007FFD04687344+20]\nE       \tRtlUserThreadStart [0x00007FFD049426B1+33]\n\nenv\\Lib\\site-packages\\selenium\\webdriver\\remote\\errorhandler.py:229: NoSuchElementException"}, "description": "\n    Test case WERT-1\n    ", "start": 1707846918600, "stop": 1707846936033, "uuid": "a6e7930f-9ee9-482d-bd36-030e1762bf39", "historyId": "bfc034cea89873dff5df5c19e61f0504", "testCaseId": "bfc034cea89873dff5df5c19e61f0504", "fullName": "tests.Frontend_tests.test_smoke#test_product_view_sku", "labels": [{"name": "parentSuite", "value": "tests.Frontend_tests"}, {"name": "suite", "value": "test_smoke"}, {"name": "host", "value": "DESKTOP-DEIKHJH"}, {"name": "thread", "value": "12240-MainThread"}, {"name": "framework", "value": "pytest"}, {"name": "language", "value": "cpython3"}, {"name": "package", "value": "tests.Frontend_tests.test_smoke"}]}